[INFO ] 2023-04-03 17:13:15.772 [main] Benerator - benerator 
[INFO ] 2023-04-03 17:13:15.914 [main] Benerator - ------------------------------------------------------------------------------------------------------------------------
[INFO ] 2023-04-03 17:13:15.917 [main] CONFIG - Running file benerator.xml
[INFO ] 2023-04-03 17:13:15.929 [main] CONFIG - Benerator Community Edition 3.1.0-jdk-11 build 2023-02-15 14:10:47
[INFO ] 2023-04-03 17:13:15.929 [main] CONFIG - Mode:          lenient
[INFO ] 2023-04-03 17:13:15.929 [main] CONFIG - Java version:  19.0.2
[INFO ] 2023-04-03 17:13:15.929 [main] CONFIG - JVM product:   OpenJDK 64-Bit Server VM 19.0.2 (Homebrew)
[INFO ] 2023-04-03 17:13:15.929 [main] CONFIG - System:        Mac OS X 13.0.1 x86_64
[INFO ] 2023-04-03 17:13:15.930 [main] CONFIG - CPU & RAM:     16 cores and 32 GB RAM, max 8 GB of RAM for this process
[INFO ] 2023-04-03 17:13:15.930 [main] CONFIG - Slf4j is configured to use Log4j
[INFO ] 2023-04-03 17:13:15.961 [main] CONFIG - Log4j is configured properly
[INFO ] 2023-04-03 17:13:15.963 [main] CONFIG - Configured heap size limit: 8192 MB
[ERROR] 2023-04-03 17:13:16.716 [main] Benerator - Error in Benerator execution
com.rapiddweller.common.file.FileResourceNotFoundException: Benerator file not found: benerator.xml
	at com.rapiddweller.benerator.factory.BeneratorExceptionFactory.beneratorFileNotFound(BeneratorExceptionFactory.java:55) ~[rapiddweller-benerator-ce-3.1.0-jdk-11.jar:?]
	at com.rapiddweller.benerator.engine.DescriptorRunner.parseDescriptorFile(DescriptorRunner.java:113) ~[rapiddweller-benerator-ce-3.1.0-jdk-11.jar:?]
	at com.rapiddweller.benerator.engine.DescriptorRunner.runWithoutShutdownHook(DescriptorRunner.java:102) ~[rapiddweller-benerator-ce-3.1.0-jdk-11.jar:?]
	at com.rapiddweller.benerator.engine.DescriptorRunner.run(DescriptorRunner.java:94) ~[rapiddweller-benerator-ce-3.1.0-jdk-11.jar:?]
	at com.rapiddweller.benerator.main.Benerator.runFile(Benerator.java:261) ~[rapiddweller-benerator-ce-3.1.0-jdk-11.jar:?]
	at com.rapiddweller.benerator.main.Benerator.run(Benerator.java:192) ~[rapiddweller-benerator-ce-3.1.0-jdk-11.jar:?]
	at com.rapiddweller.benerator.main.Benerator.runWithArgs(Benerator.java:164) ~[rapiddweller-benerator-ce-3.1.0-jdk-11.jar:?]
	at com.rapiddweller.benerator.main.Benerator.main(Benerator.java:110) ~[rapiddweller-benerator-ce-3.1.0-jdk-11.jar:?]
[ERROR] 2023-04-03 17:13:16.729 [main] Benerator - Error BEN-0010: Benerator file not found: benerator.xml

[INFO ] 2023-04-03 17:13:23.231 [main] Benerator - benerator -h
